<?xml version="1.0" encoding="UTF-8"?>
<!-- Generated by org.testng.reporters.JUnitXMLReporter -->
<testsuite ignored="0" hostname="DESKTOP-4974V9F" failures="1" tests="1" name="Create account" time="26.086" errors="0" timestamp="2021-09-02T02:15:39 CDT">
  <testcase classname="testCases.CreateAccountTest" name="createNewAccount" time="9.654">
    <failure type="java.lang.NullPointerException">
      <![CDATA[java.lang.NullPointerException
at testCases.CreateAccountTest.createNewAccount(CreateAccountTest.java:28)
at java.base/java.util.ArrayList.forEach(ArrayList.java:1541)
... Removed 31 stack frames]]>
    </failure>
  </testcase> <!-- createNewAccount -->
</testsuite> <!-- Create account -->
