<?xml version="1.0" encoding="UTF-8"?>
<!-- Generated by org.testng.reporters.JUnitXMLReporter -->
<testsuite ignored="0" hostname="DESKTOP-4974V9F" failures="1" tests="1" name="Log in" time="25.77" errors="0" timestamp="2021-09-02T02:16:04 CDT">
  <testcase classname="testCases.LoginTest" name="createNewAccount" time="11.353">
    <failure type="java.lang.NullPointerException">
      <![CDATA[java.lang.NullPointerException
at testCases.LoginTest.createNewAccount(LoginTest.java:27)
at java.base/java.util.ArrayList.forEach(ArrayList.java:1541)
... Removed 31 stack frames]]>
    </failure>
  </testcase> <!-- createNewAccount -->
</testsuite> <!-- Log in -->
