<?xml version="1.0" encoding="UTF-8"?>
<testng-results ignored="0" total="1" passed="1" failed="0" skipped="0">
  <reporter-output>
  </reporter-output>
  <suite started-at="2021-09-01T02:11:16 CDT" name="Surefire suite" finished-at="2021-09-01T02:11:29 CDT" duration-ms="13573">
    <groups>
    </groups>
    <test started-at="2021-09-01T02:11:16 CDT" name="Surefire test" finished-at="2021-09-01T02:11:29 CDT" duration-ms="13573">
      <class name="testCases.CreateAccountTest">
        <test-method signature="demo()[pri:0, instance:testCases.CreateAccountTest@7c7a06ec]" started-at="2021-09-01T02:11:16 CDT" name="demo" finished-at="2021-09-01T02:11:29 CDT" duration-ms="13541" status="PASS">
          <reporter-output>
          </reporter-output>
        </test-method> <!-- demo -->
      </class> <!-- testCases.CreateAccountTest -->
    </test> <!-- Surefire test -->
  </suite> <!-- Surefire suite -->
</testng-results>
