<?xml version="1.0" encoding="UTF-8"?>
<testng-results ignored="0" total="1" passed="1" failed="0" skipped="0">
  <reporter-output>
  </reporter-output>
  <suite started-at="2021-09-02T14:37:33 CDT" name="Default suite" finished-at="2021-09-02T14:37:48 CDT" duration-ms="14761">
    <groups>
    </groups>
    <test started-at="2021-09-02T14:37:33 CDT" name="Default test" finished-at="2021-09-02T14:37:48 CDT" duration-ms="14761">
      <class name="testCases.SignoffTest">
        <test-method is-config="true" signature="beforeTest()[pri:0, instance:testCases.SignoffTest@4e096385]" started-at="2021-09-02T14:37:33 CDT" name="beforeTest" finished-at="2021-09-02T14:37:35 CDT" duration-ms="1781" status="PASS">
          <reporter-output>
          </reporter-output>
        </test-method> <!-- beforeTest -->
        <test-method signature="singOff()[pri:0, instance:testCases.SignoffTest@4e096385]" started-at="2021-09-02T14:37:35 CDT" name="singOff" finished-at="2021-09-02T14:37:47 CDT" duration-ms="12132" status="PASS">
          <reporter-output>
          </reporter-output>
        </test-method> <!-- singOff -->
        <test-method is-config="true" signature="afterTest()[pri:0, instance:testCases.SignoffTest@4e096385]" started-at="2021-09-02T14:37:47 CDT" name="afterTest" finished-at="2021-09-02T14:37:48 CDT" duration-ms="817" status="PASS">
          <reporter-output>
          </reporter-output>
        </test-method> <!-- afterTest -->
      </class> <!-- testCases.SignoffTest -->
    </test> <!-- Default test -->
  </suite> <!-- Default suite -->
</testng-results>
