<?xml version="1.0" encoding="UTF-8"?>
<testng-results ignored="0" total="1" passed="1" failed="0" skipped="0">
  <reporter-output>
  </reporter-output>
  <suite started-at="2021-09-02T13:34:26 CDT" name="Default suite" finished-at="2021-09-02T13:34:55 CDT" duration-ms="28666">
    <groups>
    </groups>
    <test started-at="2021-09-02T13:34:26 CDT" name="Default test" finished-at="2021-09-02T13:34:55 CDT" duration-ms="28666">
      <class name="testCases.ShopProcessTest">
        <test-method is-config="true" signature="beforeTest()[pri:0, instance:testCases.ShopProcessTest@4e096385]" started-at="2021-09-02T13:34:26 CDT" name="beforeTest" finished-at="2021-09-02T13:34:29 CDT" duration-ms="2420" status="PASS">
          <reporter-output>
          </reporter-output>
        </test-method> <!-- beforeTest -->
        <test-method signature="shopProcess()[pri:0, instance:testCases.ShopProcessTest@4e096385]" started-at="2021-09-02T13:34:29 CDT" name="shopProcess" finished-at="2021-09-02T13:34:55 CDT" duration-ms="26212" status="PASS">
          <reporter-output>
          </reporter-output>
        </test-method> <!-- shopProcess -->
        <test-method is-config="true" signature="afterTest()[pri:0, instance:testCases.ShopProcessTest@4e096385]" started-at="2021-09-02T13:34:55 CDT" name="afterTest" finished-at="2021-09-02T13:34:55 CDT" duration-ms="0" status="PASS">
          <reporter-output>
          </reporter-output>
        </test-method> <!-- afterTest -->
      </class> <!-- testCases.ShopProcessTest -->
    </test> <!-- Default test -->
  </suite> <!-- Default suite -->
</testng-results>
